<?xml version="1.0" encoding="UTF-8"?>
<!-- Generated by org.testng.reporters.JUnitXMLReporter -->
<testsuite hostname="ojas-dd588" ignored="0" name="Test" tests="3" failures="1" timestamp="25 Aug 2022 10:16:25 GMT" time="0.031" errors="0">
  <testcase name="Test7" time="0.0" classname="Testng.ClassOne"/>
  <testcase name="Test8" time="0.0" classname="Testng.ClassOne">
    <failure type="java.lang.AssertionError" message="expected [true] but found [false]">
      <![CDATA[java.lang.AssertionError: expected [true] but found [false]
	at Testng.ClassOne.Test8(ClassOne.java:15)
... Removed 29 stack frames]]>
    </failure>
  </testcase> <!-- Test8 -->
  <testcase name="Test9" time="0.0" classname="Testng.ClassOne">
    <skipped/>
  </testcase> <!-- Test9 -->
</testsuite> <!-- Test -->
